# JRE version: OpenJDK Runtime Environment (8.0_152-b06) (build 1.8.0_152-release-1136-b06)
# Java VM: OpenJDK 64-Bit Server VM (25.152-b06 mixed mode linux-amd64 compressed oops)
Heap:
 PSYoungGen      total 110592K, used 84806K [0x00000000e0000000, 0x00000000e8500000, 0x0000000100000000)
  eden space 92160K, 72% used [0x00000000e0000000,0x00000000e40d1eb8,0x00000000e5a00000)
  from space 18432K, 99% used [0x00000000e6f00000,0x00000000e80ff978,0x00000000e8100000)
  to   space 21504K, 0% used [0x00000000e5a00000,0x00000000e5a00000,0x00000000e6f00000)
 ParOldGen       total 88576K, used 22600K [0x00000000a0000000, 0x00000000a5680000, 0x00000000e0000000)
  object space 88576K, 25% used [0x00000000a0000000,0x00000000a1612360,0x00000000a5680000)
 Metaspace       used 49329K, capacity 50198K, committed 50472K, reserved 1093632K
  class space    used 5957K, capacity 6162K, committed 6184K, reserved 1048576K
GC Heap History (10 events):
Event: 3.673 GC heap before
{Heap before GC invocations=7 (full 2):
 PSYoungGen      total 52736K, used 49152K [0x00000000e0000000, 0x00000000e3700000, 0x0000000100000000)
  eden space 49152K, 100% used [0x00000000e0000000,0x00000000e3000000,0x00000000e3000000)
  from space 3584K, 0% used [0x00000000e3380000,0x00000000e3380000,0x00000000e3700000)
  to   space 3584K, 0% used [0x00000000e3000000,0x00000000e3000000,0x00000000e3380000)
 ParOldGen       total 49664K, used 8542K [0x00000000a0000000, 0x00000000a3080000, 0x00000000e0000000)
  object space 49664K, 17% used [0x00000000a0000000,0x00000000a0857b70,0x00000000a3080000)
 Metaspace       used 27873K, capacity 28296K, committed 28544K, reserved 1075200K
  class space    used 3540K, capacity 3676K, committed 3712K, reserved 1048576K
Event: 3.707 GC heap after
Heap after GC invocations=7 (full 2):
 PSYoungGen      total 52736K, used 3581K [0x00000000e0000000, 0x00000000e5300000, 0x0000000100000000)
  eden space 49152K, 0% used [0x00000000e0000000,0x00000000e0000000,0x00000000e3000000)
  from space 3584K, 99% used [0x00000000e3000000,0x00000000e337f508,0x00000000e3380000)
  to   space 3584K, 0% used [0x00000000e4f80000,0x00000000e4f80000,0x00000000e5300000)
 ParOldGen       total 49664K, used 16607K [0x00000000a0000000, 0x00000000a3080000, 0x00000000e0000000)
  object space 49664K, 33% used [0x00000000a0000000,0x00000000a1037f10,0x00000000a3080000)
 Metaspace       used 27873K, capacity 28296K, committed 28544K, reserved 1075200K
  class space    used 3540K, capacity 3676K, committed 3712K, reserved 1048576K
}
Event: 4.688 GC heap before
{Heap before GC invocations=8 (full 2):
 PSYoungGen      total 52736K, used 42556K [0x00000000e0000000, 0x00000000e5300000, 0x0000000100000000)
  eden space 49152K, 79% used [0x00000000e0000000,0x00000000e260fc60,0x00000000e3000000)
  from space 3584K, 99% used [0x00000000e3000000,0x00000000e337f508,0x00000000e3380000)
  to   space 3584K, 0% used [0x00000000e4f80000,0x00000000e4f80000,0x00000000e5300000)
 ParOldGen       total 49664K, used 16607K [0x00000000a0000000, 0x00000000a3080000, 0x00000000e0000000)
  object space 49664K, 33% used [0x00000000a0000000,0x00000000a1037f10,0x00000000a3080000)
 Metaspace       used 34754K, capacity 35257K, committed 35496K, reserved 1081344K
  class space    used 4359K, capacity 4505K, committed 4520K, reserved 1048576K
Event: 4.716 GC heap after
Heap after GC invocations=8 (full 2):
 PSYoungGen      total 68608K, used 3581K [0x00000000e0000000, 0x00000000e6c00000, 0x0000000100000000)
  eden space 65024K, 0% used [0x00000000e0000000,0x00000000e0000000,0x00000000e3f80000)
  from space 3584K, 99% used [0x00000000e4f80000,0x00000000e52ff508,0x00000000e5300000)
  to   space 16384K, 0% used [0x00000000e3f80000,0x00000000e3f80000,0x00000000e4f80000)
 ParOldGen       total 49664K, used 27839K [0x00000000a0000000, 0x00000000a3080000, 0x00000000e0000000)
  object space 49664K, 56% used [0x00000000a0000000,0x00000000a1b2fd80,0x00000000a3080000)
 Metaspace       used 34754K, capacity 35257K, committed 35496K, reserved 1081344K
  class space    used 4359K, capacity 4505K, committed 4520K, reserved 1048576K
}
Event: 4.716 GC heap before
{Heap before GC invocations=9 (full 3):
 PSYoungGen      total 68608K, used 3581K [0x00000000e0000000, 0x00000000e6c00000, 0x0000000100000000)
  eden space 65024K, 0% used [0x00000000e0000000,0x00000000e0000000,0x00000000e3f80000)
  from space 3584K, 99% used [0x00000000e4f80000,0x00000000e52ff508,0x00000000e5300000)
  to   space 16384K, 0% used [0x00000000e3f80000,0x00000000e3f80000,0x00000000e4f80000)
 ParOldGen       total 49664K, used 27839K [0x00000000a0000000, 0x00000000a3080000, 0x00000000e0000000)
  object space 49664K, 56% used [0x00000000a0000000,0x00000000a1b2fd80,0x00000000a3080000)
 Metaspace       used 34754K, capacity 35257K, committed 35496K, reserved 1081344K
  class space    used 4359K, capacity 4505K, committed 4520K, reserved 1048576K
Event: 4.810 GC heap after
Heap after GC invocations=9 (full 3):
 PSYoungGen      total 68608K, used 0K [0x00000000e0000000, 0x00000000e6c00000, 0x0000000100000000)
  eden space 65024K, 0% used [0x00000000e0000000,0x00000000e0000000,0x00000000e3f80000)
  from space 3584K, 0% used [0x00000000e4f80000,0x00000000e4f80000,0x00000000e5300000)
  to   space 16384K, 0% used [0x00000000e3f80000,0x00000000e3f80000,0x00000000e4f80000)
 ParOldGen       total 88576K, used 21414K [0x00000000a0000000, 0x00000000a5680000, 0x00000000e0000000)
  object space 88576K, 24% used [0x00000000a0000000,0x00000000a14e9b60,0x00000000a5680000)
 Metaspace       used 34754K, capacity 35257K, committed 35496K, reserved 1081344K
  class space    used 4359K, capacity 4505K, committed 4520K, reserved 1048576K
}
Event: 6.504 GC heap before
{Heap before GC invocations=10 (full 3):
 PSYoungGen      total 68608K, used 65024K [0x00000000e0000000, 0x00000000e6c00000, 0x0000000100000000)
  eden space 65024K, 100% used [0x00000000e0000000,0x00000000e3f80000,0x00000000e3f80000)
  from space 3584K, 0% used [0x00000000e4f80000,0x00000000e4f80000,0x00000000e5300000)
  to   space 16384K, 0% used [0x00000000e3f80000,0x00000000e3f80000,0x00000000e4f80000)
 ParOldGen       total 88576K, used 21414K [0x00000000a0000000, 0x00000000a5680000, 0x00000000e0000000)
  object space 88576K, 24% used [0x00000000a0000000,0x00000000a14e9b60,0x00000000a5680000)
 Metaspace       used 39244K, capacity 39816K, committed 40232K, reserved 1085440K
  class space    used 4869K, capacity 5045K, committed 5160K, reserved 1048576K
Event: 6.554 GC heap after
Heap after GC invocations=10 (full 3):
 PSYoungGen      total 81408K, used 14184K [0x00000000e0000000, 0x00000000e8100000, 0x0000000100000000)
  eden space 65024K, 0% used [0x00000000e0000000,0x00000000e0000000,0x00000000e3f80000)
  from space 16384K, 86% used [0x00000000e3f80000,0x00000000e4d5a1b8,0x00000000e4f80000)
  to   space 18432K, 0% used [0x00000000e6f00000,0x00000000e6f00000,0x00000000e8100000)
 ParOldGen       total 88576K, used 21422K [0x00000000a0000000, 0x00000000a5680000, 0x00000000e0000000)
  object space 88576K, 24% used [0x00000000a0000000,0x00000000a14ebb60,0x00000000a5680000)
 Metaspace       used 39244K, capacity 39816K, committed 40232K, reserved 1085440K
  class space    used 4869K, capacity 5045K, committed 5160K, reserved 1048576K
}
Event: 8.548 GC heap before
{Heap before GC invocations=11 (full 3):
 PSYoungGen      total 81408K, used 79208K [0x00000000e0000000, 0x00000000e8100000, 0x0000000100000000)
  eden space 65024K, 100% used [0x00000000e0000000,0x00000000e3f80000,0x00000000e3f80000)
  from space 16384K, 86% used [0x00000000e3f80000,0x00000000e4d5a1b8,0x00000000e4f80000)
  to   space 18432K, 0% used [0x00000000e6f00000,0x00000000e6f00000,0x00000000e8100000)
 ParOldGen       total 88576K, used 21422K [0x00000000a0000000, 0x00000000a5680000, 0x00000000e0000000)
  object space 88576K, 24% used [0x00000000a0000000,0x00000000a14ebb60,0x00000000a5680000)
 Metaspace       used 42870K, capacity 43570K, committed 43944K, reserved 1087488K
  class space    used 5255K, capacity 5438K, committed 5544K, reserved 1048576K
Event: 8.581 GC heap after
Heap after GC invocations=11 (full 3):
 PSYoungGen      total 110592K, used 18430K [0x00000000e0000000, 0x00000000e8500000, 0x0000000100000000)
  eden space 92160K, 0% used [0x00000000e0000000,0x00000000e0000000,0x00000000e5a00000)
  from space 18432K, 99% used [0x00000000e6f00000,0x00000000e80ff978,0x00000000e8100000)
  to   space 21504K, 0% used [0x00000000e5a00000,0x00000000e5a00000,0x00000000e6f00000)
 ParOldGen       total 88576K, used 22600K [0x00000000a0000000, 0x00000000a5680000, 0x00000000e0000000)
  object space 88576K, 25% used [0x00000000a0000000,0x00000000a1612360,0x00000000a5680000)
 Metaspace       used 42870K, capacity 43570K, committed 43944K, reserved 1087488K
  class space    used 5255K, capacity 5438K, committed 5544K, reserved 1048576K
}

