# JRE version: OpenJDK Runtime Environment (8.0_152-b06) (build 1.8.0_152-release-1136-b06)
# Java VM: OpenJDK 64-Bit Server VM (25.152-b06 mixed mode linux-amd64 compressed oops)
Heap:
 PSYoungGen      total 334336K, used 46166K [0x00000000e0000000, 0x00000000f6900000, 0x0000000100000000)
  eden space 310784K, 7% used [0x00000000e0000000,0x00000000e161d178,0x00000000f2f80000)
  from space 23552K, 99% used [0x00000000f5200000,0x00000000f68f8a30,0x00000000f6900000)
  to   space 28160K, 0% used [0x00000000f3200000,0x00000000f3200000,0x00000000f4d80000)
 ParOldGen       total 109568K, used 36973K [0x00000000a0000000, 0x00000000a6b00000, 0x00000000e0000000)
  object space 109568K, 33% used [0x00000000a0000000,0x00000000a241b630,0x00000000a6b00000)
 Metaspace       used 65744K, capacity 67787K, committed 68096K, reserved 1107968K
  class space    used 8903K, capacity 9416K, committed 9472K, reserved 1048576K
GC Heap History (10 events):
Event: 8.330 GC heap before
{Heap before GC invocations=9 (full 2):
 PSYoungGen      total 205824K, used 12776K [0x00000000e0000000, 0x00000000f1780000, 0x0000000100000000)
  eden space 193024K, 0% used [0x00000000e0000000,0x00000000e0000000,0x00000000ebc80000)
  from space 12800K, 99% used [0x00000000ebc80000,0x00000000ec8fa000,0x00000000ec900000)
  to   space 15872K, 0% used [0x00000000f0800000,0x00000000f0800000,0x00000000f1780000)
 ParOldGen       total 48128K, used 8351K [0x00000000a0000000, 0x00000000a2f00000, 0x00000000e0000000)
  object space 48128K, 17% used [0x00000000a0000000,0x00000000a0827e10,0x00000000a2f00000)
 Metaspace       used 34597K, capacity 35256K, committed 35416K, reserved 1079296K
  class space    used 4759K, capacity 5026K, committed 5120K, reserved 1048576K
Event: 8.438 GC heap after
Heap after GC invocations=9 (full 2):
 PSYoungGen      total 205824K, used 0K [0x00000000e0000000, 0x00000000f1780000, 0x0000000100000000)
  eden space 193024K, 0% used [0x00000000e0000000,0x00000000e0000000,0x00000000ebc80000)
  from space 12800K, 0% used [0x00000000ebc80000,0x00000000ebc80000,0x00000000ec900000)
  to   space 15872K, 0% used [0x00000000f0800000,0x00000000f0800000,0x00000000f1780000)
 ParOldGen       total 76800K, used 19717K [0x00000000a0000000, 0x00000000a4b00000, 0x00000000e0000000)
  object space 76800K, 25% used [0x00000000a0000000,0x00000000a13416d0,0x00000000a4b00000)
 Metaspace       used 34546K, capacity 35124K, committed 35416K, reserved 1079296K
  class space    used 4746K, capacity 4982K, committed 5120K, reserved 1048576K
}
Event: 12.243 GC heap before
{Heap before GC invocations=10 (full 2):
 PSYoungGen      total 205824K, used 193024K [0x00000000e0000000, 0x00000000f1780000, 0x0000000100000000)
  eden space 193024K, 100% used [0x00000000e0000000,0x00000000ebc80000,0x00000000ebc80000)
  from space 12800K, 0% used [0x00000000ebc80000,0x00000000ebc80000,0x00000000ec900000)
  to   space 15872K, 0% used [0x00000000f0800000,0x00000000f0800000,0x00000000f1780000)
 ParOldGen       total 76800K, used 19717K [0x00000000a0000000, 0x00000000a4b00000, 0x00000000e0000000)
  object space 76800K, 25% used [0x00000000a0000000,0x00000000a13416d0,0x00000000a4b00000)
 Metaspace       used 51201K, capacity 52238K, committed 52608K, reserved 1095680K
  class space    used 6842K, capacity 7181K, committed 7296K, reserved 1048576K
Event: 12.275 GC heap after
Heap after GC invocations=10 (full 2):
 PSYoungGen      total 265216K, used 15845K [0x00000000e0000000, 0x00000000f3e00000, 0x0000000100000000)
  eden space 249344K, 0% used [0x00000000e0000000,0x00000000e0000000,0x00000000ef380000)
  from space 15872K, 99% used [0x00000000f0800000,0x00000000f17796a8,0x00000000f1780000)
  to   space 20992K, 0% used [0x00000000ef380000,0x00000000ef380000,0x00000000f0800000)
 ParOldGen       total 76800K, used 25388K [0x00000000a0000000, 0x00000000a4b00000, 0x00000000e0000000)
  object space 76800K, 33% used [0x00000000a0000000,0x00000000a18cb1c8,0x00000000a4b00000)
 Metaspace       used 51201K, capacity 52238K, committed 52608K, reserved 1095680K
  class space    used 6842K, capacity 7181K, committed 7296K, reserved 1048576K
}
Event: 13.690 GC heap before
{Heap before GC invocations=11 (full 2):
 PSYoungGen      total 265216K, used 89397K [0x00000000e0000000, 0x00000000f3e00000, 0x0000000100000000)
  eden space 249344K, 29% used [0x00000000e0000000,0x00000000e47d3ff8,0x00000000ef380000)
  from space 15872K, 99% used [0x00000000f0800000,0x00000000f17796a8,0x00000000f1780000)
  to   space 20992K, 0% used [0x00000000ef380000,0x00000000ef380000,0x00000000f0800000)
 ParOldGen       total 76800K, used 25388K [0x00000000a0000000, 0x00000000a4b00000, 0x00000000e0000000)
  object space 76800K, 33% used [0x00000000a0000000,0x00000000a18cb1c8,0x00000000a4b00000)
 Metaspace       used 57147K, capacity 58850K, committed 59008K, reserved 1099776K
  class space    used 7718K, capacity 8197K, committed 8320K, reserved 1048576K
Event: 13.721 GC heap after
Heap after GC invocations=11 (full 2):
 PSYoungGen      total 270336K, used 19210K [0x00000000e0000000, 0x00000000f6900000, 0x0000000100000000)
  eden space 249344K, 0% used [0x00000000e0000000,0x00000000e0000000,0x00000000ef380000)
  from space 20992K, 91% used [0x00000000ef380000,0x00000000f06428f0,0x00000000f0800000)
  to   space 23552K, 0% used [0x00000000f5200000,0x00000000f5200000,0x00000000f6900000)
 ParOldGen       total 76800K, used 25396K [0x00000000a0000000, 0x00000000a4b00000, 0x00000000e0000000)
  object space 76800K, 33% used [0x00000000a0000000,0x00000000a18cd1c8,0x00000000a4b00000)
 Metaspace       used 57147K, capacity 58850K, committed 59008K, reserved 1099776K
  class space    used 7718K, capacity 8197K, committed 8320K, reserved 1048576K
}
Event: 13.721 GC heap before
{Heap before GC invocations=12 (full 3):
 PSYoungGen      total 270336K, used 19210K [0x00000000e0000000, 0x00000000f6900000, 0x0000000100000000)
  eden space 249344K, 0% used [0x00000000e0000000,0x00000000e0000000,0x00000000ef380000)
  from space 20992K, 91% used [0x00000000ef380000,0x00000000f06428f0,0x00000000f0800000)
  to   space 23552K, 0% used [0x00000000f5200000,0x00000000f5200000,0x00000000f6900000)
 ParOldGen       total 76800K, used 25396K [0x00000000a0000000, 0x00000000a4b00000, 0x00000000e0000000)
  object space 76800K, 33% used [0x00000000a0000000,0x00000000a18cd1c8,0x00000000a4b00000)
 Metaspace       used 57147K, capacity 58850K, committed 59008K, reserved 1099776K
  class space    used 7718K, capacity 8197K, committed 8320K, reserved 1048576K
Event: 13.893 GC heap after
Heap after GC invocations=12 (full 3):
 PSYoungGen      total 270336K, used 0K [0x00000000e0000000, 0x00000000f6900000, 0x0000000100000000)
  eden space 249344K, 0% used [0x00000000e0000000,0x00000000e0000000,0x00000000ef380000)
  from space 20992K, 0% used [0x00000000ef380000,0x00000000ef380000,0x00000000f0800000)
  to   space 23552K, 0% used [0x00000000f5200000,0x00000000f5200000,0x00000000f6900000)
 ParOldGen       total 109568K, used 34304K [0x00000000a0000000, 0x00000000a6b00000, 0x00000000e0000000)
  object space 109568K, 31% used [0x00000000a0000000,0x00000000a2180068,0x00000000a6b00000)
 Metaspace       used 57147K, capacity 58850K, committed 59008K, reserved 1099776K
  class space    used 7718K, capacity 8197K, committed 8320K, reserved 1048576K
}
Event: 17.194 GC heap before
{Heap before GC invocations=13 (full 3):
 PSYoungGen      total 270336K, used 249344K [0x00000000e0000000, 0x00000000f6900000, 0x0000000100000000)
  eden space 249344K, 100% used [0x00000000e0000000,0x00000000ef380000,0x00000000ef380000)
  from space 20992K, 0% used [0x00000000ef380000,0x00000000ef380000,0x00000000f0800000)
  to   space 23552K, 0% used [0x00000000f5200000,0x00000000f5200000,0x00000000f6900000)
 ParOldGen       total 109568K, used 34304K [0x00000000a0000000, 0x00000000a6b00000, 0x00000000e0000000)
  object space 109568K, 31% used [0x00000000a0000000,0x00000000a2180068,0x00000000a6b00000)
 Metaspace       used 64609K, capacity 66444K, committed 66688K, reserved 1105920K
  class space    used 8788K, capacity 9240K, committed 9344K, reserved 1048576K
Event: 17.230 GC heap after
Heap after GC invocations=13 (full 3):
 PSYoungGen      total 334336K, used 23522K [0x00000000e0000000, 0x00000000f6900000, 0x0000000100000000)
  eden space 310784K, 0% used [0x00000000e0000000,0x00000000e0000000,0x00000000f2f80000)
  from space 23552K, 99% used [0x00000000f5200000,0x00000000f68f8a30,0x00000000f6900000)
  to   space 28160K, 0% used [0x00000000f3200000,0x00000000f3200000,0x00000000f4d80000)
 ParOldGen       total 109568K, used 36973K [0x00000000a0000000, 0x00000000a6b00000, 0x00000000e0000000)
  object space 109568K, 33% used [0x00000000a0000000,0x00000000a241b630,0x00000000a6b00000)
 Metaspace       used 64609K, capacity 66444K, committed 66688K, reserved 1105920K
  class space    used 8788K, capacity 9240K, committed 9344K, reserved 1048576K
}

